2025-08-01 19:55:45,898 - __main__ - INFO - ===== Database Connection Fix Script =====
2025-08-01 19:55:45,899 - __main__ - INFO - Searching for DatabaseManager class...
2025-08-01 19:55:45,899 - __main__ - INFO - Found database module at: C:\Users\DAH\Downloads\Quincaillerie & SME Management App\app\data\database.py
2025-08-01 19:55:46,031 - __main__ - INFO - Found DatabaseManager class in C:\Users\DAH\Downloads\Quincaillerie & SME Management App\app\data\database.py
2025-08-01 19:55:46,031 - __main__ - WARNING - Missing essential methods in DatabaseManager: ['get_products_list', 'get_customers_list', 'get_sales_list']
2025-08-01 19:55:46,032 - __main__ - INFO - Adding 3 missing methods to DatabaseManager
2025-08-01 19:55:46,033 - __main__ - INFO - Added missing methods to DatabaseManager in C:\Users\DAH\Downloads\Quincaillerie & SME Management App\app\data\database.py
2025-08-01 19:55:46,034 - __main__ - INFO - Fixing database path in C:\Users\DAH\Downloads\Quincaillerie & SME Management App\app\data\database.py
2025-08-01 19:55:46,035 - __main__ - INFO - Fixed database path in C:\Users\DAH\Downloads\Quincaillerie & SME Management App\app\data\database.py
2025-08-01 19:55:46,035 - __main__ - INFO - Testing database connection...
2025-08-01 19:55:46,035 - __main__ - INFO - Trying to import from app.data.database
2025-08-01 19:55:46,038 - __main__ - WARNING - Failed to connect using app.data.database: unexpected indent (database.py, line 20)
2025-08-01 19:55:46,039 - __main__ - INFO - Trying to import from app.db.database
2025-08-01 19:55:46,041 - app.db.database - INFO - App DB redirector setting DATABASE_PATH to: C:\Users\DAH\Downloads\Quincaillerie & SME Management App\app\data\quincaillerie.db
2025-08-01 19:55:46,042 - __main__ - WARNING - Failed to connect using app.db.database: unexpected indent (database.py, line 20)
2025-08-01 19:55:46,044 - __main__ - INFO - Trying to import from db.database
2025-08-01 19:55:46,046 - db.database - INFO - Database redirector setting DATABASE_PATH to: C:\Users\DAH\Downloads\Quincaillerie & SME Management App\app\data\quincaillerie.db
2025-08-01 19:55:46,047 - __main__ - WARNING - Failed to connect using db.database: unexpected indent (database.py, line 20)
2025-08-01 19:55:46,049 - __main__ - ERROR - All connection attempts failed
2025-08-01 19:55:46,049 - __main__ - ERROR - Database connection test failed
2025-08-01 19:55:46,049 - __main__ - INFO - Try running fix_all_issues.py to fix all issues at once
2025-08-01 19:55:46,050 - __main__ - INFO - ===== Database Connection Fix Script Completed =====
